<?xml version="1.0" encoding="UTF-8"?>
<!-- Generated by org.testng.reporters.JUnitReportReporter -->
<testsuite hostname="Deekshith" failures="0" tests="2" name="com.destination.BankingApplication.Test.BankAppTest" time="1.718" errors="0" timestamp="2023-09-26T14:27:08 IST" skipped="0">
  <testcase classname="com.destination.BankingApplication.Test.BankAppTest" name="testAdmin" time="1.665"/>
  <testcase classname="com.destination.BankingApplication.Test.BankAppTest" name="testAdmin2" time="0.053"/>
</testsuite> <!-- com.destination.BankingApplication.Test.BankAppTest -->
